[2021-03-21T16:01:19.535] [DEBUG] cheese - login => username:zs,password:123456
[2021-03-21T16:01:19.536] [DEBUG] cheese - zs
[2021-03-21T16:01:19.545] [DEBUG] cheese - { inspect: [Function: inspect] }
[2021-03-21T16:01:19.547] [DEBUG] cheese - 查询失败
[2021-03-21T16:01:55.326] [DEBUG] cheese - login => username:admin,password:123456
[2021-03-21T16:01:55.326] [DEBUG] cheese - admin
[2021-03-21T16:01:55.329] [DEBUG] cheese - { inspect: [Function: inspect] }
[2021-03-21T16:01:55.330] [DEBUG] cheese - 查询失败
[2021-03-21T16:04:23.140] [DEBUG] cheese - login => username:admin,password:123456
[2021-03-21T16:04:23.140] [DEBUG] cheese - admin
[2021-03-21T16:04:23.143] [DEBUG] cheese - { inspect: [Function: inspect] }
[2021-03-21T16:04:23.144] [DEBUG] cheese - 查询失败
[2021-03-21T16:04:40.996] [DEBUG] cheese - login => username:admin,password:123456
[2021-03-21T16:04:40.997] [DEBUG] cheese - admin
[2021-03-21T16:04:41.008] [DEBUG] cheese - { inspect: [Function: inspect] }
[2021-03-21T16:04:41.010] [DEBUG] cheese - 查询失败
[2021-03-21T16:05:33.782] [DEBUG] cheese - login => username:admin,password:123456
[2021-03-21T16:05:33.782] [DEBUG] cheese - admin
[2021-03-21T16:05:33.785] [DEBUG] cheese - { inspect: [Function: inspect] }
[2021-03-21T16:05:33.785] [DEBUG] cheese - 查询失败
[2021-03-21T16:06:00.316] [DEBUG] cheese - login => username:admin,password:123456
[2021-03-21T16:06:00.317] [DEBUG] cheese - admin
[2021-03-21T16:06:00.329] [DEBUG] cheese - { inspect: [Function: inspect] }
[2021-03-21T16:06:00.331] [DEBUG] cheese - 查询失败
[2021-03-21T16:07:34.234] [DEBUG] cheese - login => username:admin1,password:123456
[2021-03-21T16:07:34.235] [DEBUG] cheese - admin1
[2021-03-21T16:07:34.242] [DEBUG] cheese - { inspect: [Function: inspect] }
[2021-03-21T16:07:34.242] [DEBUG] cheese - 查询失败
[2021-03-21T16:07:38.096] [DEBUG] cheese - login => username:admin,password:123456
[2021-03-21T16:07:38.096] [DEBUG] cheese - admin
[2021-03-21T16:07:38.098] [DEBUG] cheese - { inspect: [Function: inspect] }
[2021-03-21T16:07:38.098] [DEBUG] cheese - 查询失败
[2021-03-21T16:08:43.701] [DEBUG] cheese - login => username:admin,password:123456
[2021-03-21T16:08:43.703] [DEBUG] cheese - admin
[2021-03-21T16:08:43.717] [DEBUG] cheese - { inspect: [Function: inspect] }
[2021-03-21T16:08:43.720] [DEBUG] cheese - 查询失败
[2021-03-21T16:09:08.195] [DEBUG] cheese - login => username:linken,password:123456
[2021-03-21T16:09:08.195] [DEBUG] cheese - linken
[2021-03-21T16:09:08.198] [DEBUG] cheese - { inspect: [Function: inspect] }
[2021-03-21T16:09:08.198] [DEBUG] cheese - 查询失败
[2021-03-21T16:10:46.098] [DEBUG] cheese - login => username:linken,password:123456
[2021-03-21T16:10:46.098] [DEBUG] cheese - linken
[2021-03-21T16:10:46.101] [DEBUG] cheese - { inspect: [Function: inspect] }
[2021-03-21T16:10:46.101] [DEBUG] cheese - 查询失败
[2021-03-21T16:23:28.697] [DEBUG] cheese - login => username:linken,password:123456
[2021-03-21T16:23:28.697] [DEBUG] cheese - linken
[2021-03-21T16:23:28.714] [DEBUG] cheese - null
[2021-03-21T16:23:28.714] [DEBUG] cheese - null
[2021-03-21T16:23:41.015] [DEBUG] cheese - login => username:admin,password:123456
[2021-03-21T16:23:41.015] [DEBUG] cheese - admin
[2021-03-21T16:23:41.021] [DEBUG] cheese - null
[2021-03-21T16:23:41.021] [DEBUG] cheese - null
[2021-03-22T18:55:50.865] [DEBUG] cheese - login => username:admin,password:123456
[2021-03-22T18:55:50.867] [DEBUG] cheese - admin
[2021-03-22T18:55:50.932] [DEBUG] cheese - null
[2021-03-22T18:55:50.932] [DEBUG] cheese - null
[2021-03-22T18:56:21.975] [DEBUG] cheese - login => username:admin,password:123456
[2021-03-22T18:56:21.977] [DEBUG] cheese - admin
[2021-03-22T18:56:21.996] [DEBUG] cheese - null
[2021-03-22T18:56:21.996] [DEBUG] cheese - null
